Removed Pin From Net: NetName=NetC8_2 Pin=IC1-11
Removed Pin From Net: NetName=NetC7_2 Pin=IC1-12
Removed Pin From Net: NetName=NetC6_2 Pin=IC1-13
Removed Pin From Net: NetName=NetC5_2 Pin=IC1-14
Removed Pin From Net: NetName=NetC4_2 Pin=IC1-15
Removed Pin From Net: NetName=NetC3_2 Pin=IC1-16
Removed Pin From Net: NetName=NetC2_2 Pin=IC1-17
Removed Pin From Net: NetName=NetC1_2 Pin=IC1-18
Added Pin To Net: NetName=NetC1_2 Pin=IC1-2
Added Pin To Net: NetName=NetC2_2 Pin=IC1-3
Added Pin To Net: NetName=NetC3_2 Pin=IC1-4
Added Pin To Net: NetName=NetC4_2 Pin=IC1-5
Added Pin To Net: NetName=NetC5_2 Pin=IC1-6
Added Pin To Net: NetName=NetC6_2 Pin=IC1-7
Added Pin To Net: NetName=NetC7_2 Pin=IC1-8
Added Pin To Net: NetName=NetC8_2 Pin=IC1-9
Added Pin To Net: NetName=NetIC1_11 Pin=IC1-11
Added Pin To Net: NetName=NetIC1_11 Pin=J8-1
Added Pin To Net: NetName=NetIC1_11 Pin=U1-14
Added Net: Name=NetIC1_11
Added Pin To Net: NetName=NetIC1_12 Pin=IC1-12
Added Pin To Net: NetName=NetIC1_12 Pin=J7-1
Added Pin To Net: NetName=NetIC1_12 Pin=U1-15
Added Net: Name=NetIC1_12
Added Pin To Net: NetName=NetIC1_13 Pin=IC1-13
Added Pin To Net: NetName=NetIC1_13 Pin=J6-1
Added Pin To Net: NetName=NetIC1_13 Pin=U1-10
Added Net: Name=NetIC1_13
Added Pin To Net: NetName=NetIC1_14 Pin=IC1-14
Added Pin To Net: NetName=NetIC1_14 Pin=J5-1
Added Pin To Net: NetName=NetIC1_14 Pin=U1-11
Added Net: Name=NetIC1_14
Added Pin To Net: NetName=NetIC1_15 Pin=IC1-15
Added Pin To Net: NetName=NetIC1_15 Pin=J4-1
Added Pin To Net: NetName=NetIC1_15 Pin=U1-36
Added Net: Name=NetIC1_15
Added Pin To Net: NetName=NetIC1_16 Pin=IC1-16
Added Pin To Net: NetName=NetIC1_16 Pin=J3-1
Added Pin To Net: NetName=NetIC1_16 Pin=U1-32
Added Net: Name=NetIC1_16
Added Pin To Net: NetName=NetIC1_17 Pin=IC1-17
Added Pin To Net: NetName=NetIC1_17 Pin=J2-1
Added Pin To Net: NetName=NetIC1_17 Pin=U1-35
Added Net: Name=NetIC1_17
Added Pin To Net: NetName=NetIC1_18 Pin=IC1-18
Added Pin To Net: NetName=NetIC1_18 Pin=J1-1
Added Pin To Net: NetName=NetIC1_18 Pin=U1-31
Added Net: Name=NetIC1_18
Added Room: Name=ControllerDiagrams
